<?xml version="1.0" encoding="UTF-8" ?>
<testsuite errors="0" failures="0" hostname="PC-Guillaume" name="kdtree.KdTreeTest" skipped="0" tests="2" time="0.25" timestamp="2016-11-02T15:17:22">
  <properties>
    <property name="java.vendor" value="Oracle Corporation" />
    <property name="lib.dir" value="lib" />
    <property name="sun.java.launcher" value="SUN_STANDARD" />
    <property name="sun.management.compiler" value="HotSpot 64-Bit Tiered Compilers" />
    <property name="os.name" value="Windows 8.1" />
    <property name="sun.boot.class.path" value="C:\Program Files\Java\jdk1.8.0_111\jre\lib\resources.jar;C:\Program Files\Java\jdk1.8.0_111\jre\lib\rt.jar;C:\Program Files\Java\jdk1.8.0_111\jre\lib\sunrsasign.jar;C:\Program Files\Java\jdk1.8.0_111\jre\lib\jsse.jar;C:\Program Files\Java\jdk1.8.0_111\jre\lib\jce.jar;C:\Program Files\Java\jdk1.8.0_111\jre\lib\charsets.jar;C:\Program Files\Java\jdk1.8.0_111\jre\lib\jfr.jar;C:\Program Files\Java\jdk1.8.0_111\jre\classes" />
    <property name="sun.desktop" value="windows" />
    <property name="java.vm.specification.vendor" value="Oracle Corporation" />
    <property name="ant.home" value="C:\Program Files\apache-ant-1.9.7" />
    <property name="jar.dir" value="jar" />
    <property name="java.runtime.version" value="1.8.0_111-b14" />
    <property name="user.name" value="Guillaume" />
    <property name="user.language" value="fr" />
    <property name="sun.boot.library.path" value="C:\Program Files\Java\jdk1.8.0_111\jre\bin" />
    <property name="ant.file.type.KdTree" value="file" />
    <property name="ant.project.default-target" value="run" />
    <property name="ant.project.name" value="KdTree" />
    <property name="java.version" value="1.8.0_111" />
    <property name="user.timezone" value="" />
    <property name="sun.arch.data.model" value="64" />
    <property name="java.endorsed.dirs" value="C:\Program Files\Java\jdk1.8.0_111\jre\lib\endorsed" />
    <property name="sun.cpu.isalist" value="amd64" />
    <property name="sun.jnu.encoding" value="Cp1252" />
    <property name="file.encoding.pkg" value="sun.io" />
    <property name="file.separator" value="\" />
    <property name="java.specification.name" value="Java Platform API Specification" />
    <property name="java.class.version" value="52.0" />
    <property name="user.country" value="FR" />
    <property name="java.home" value="C:\Program Files\Java\jdk1.8.0_111\jre" />
    <property name="java.vm.info" value="mixed mode" />
    <property name="main-class" value="kdtree.Main" />
    <property name="ant.file" value="C:\Users\Guillaume\Documents\Info\java\KdTree\build.xml" />
    <property name="os.version" value="6.3" />
    <property name="path.separator" value=";" />
    <property name="java.vm.version" value="25.111-b14" />
    <property name="report.dir" value="junitreport" />
    <property name="user.variant" value="" />
    <property name="ant.library.dir" value="C:\Program Files\apache-ant-1.9.7\lib" />
    <property name="java.awt.printerjob" value="sun.awt.windows.WPrinterJob" />
    <property name="sun.io.unicode.encoding" value="UnicodeLittle" />
    <property name="awt.toolkit" value="sun.awt.windows.WToolkit" />
    <property name="sun.stdout.encoding" value="cp850" />
    <property name="user.script" value="" />
    <property name="user.home" value="C:\Users\Guillaume" />
    <property name="java.specification.vendor" value="Oracle Corporation" />
    <property name="java.library.path" value="C:\Program Files\Java\jdk1.8.0_111\bin;C:\WINDOWS\Sun\Java\bin;C:\WINDOWS\system32;C:\WINDOWS;C:\Users\Guillaume\AppData\Local\GitHub\PortableGit_63435a79518b44808827aa3194b76bea96231189\cmd;C:\Users\Guillaume\AppData\Local\GitHub\PortableGit_63435a79518b44808827aa3194b76bea96231189\usr\bin;C:\Users\Guillaume\AppData\Local\GitHub\PortableGit_63435a79518b44808827aa3194b76bea96231189\usr\share\git-tfs;C:\Users\Guillaume\AppData\Local\Apps\2.0\1V1A6YTE.Y5A\W92MNZA5.MT5\gith..tion_317444273a93ac29_0003.0003_7524e8363d96b294;C:\Users\Guillaume\AppData\Local\GitHub\lfs-amd64_1.3.1;C:\ProgramData\Oracle\Java\javapath;C:\Program Files (x86)\Intel\iCLS Client\;C:\Program Files\Intel\iCLS Client\;C:\WINDOWS\system32;C:\WINDOWS;C:\WINDOWS\System32\Wbem;C:\WINDOWS\System32\WindowsPowerShell\v1.0\;C:\Program Files (x86)\Intel\OpenCL SDK\2.0\bin\x86;C:\Program Files (x86)\Intel\OpenCL SDK\2.0\bin\x64;C:\Program Files\Intel\Intel(R) Management Engine Components\DAL;C:\Program Files\Intel\Intel(R) Management Engine Components\IPT;C:\Program Files (x86)\Intel\Intel(R) Management Engine Components\DAL;C:\Program Files (x86)\Intel\Intel(R) Management Engine Components\IPT;C:\Program Files (x86)\NVIDIA Corporation\PhysX\Common;C:\Program Files (x86)\Skype\Phone\;C:\Program Files (x86)\Common Files\Adobe\AGL;C:\WINDOWS\system32\config\systemprofile\.dnx\bin;C:\Program Files\Microsoft DNX\Dnvm\;C:\Program Files\Microsoft SQL Server\130\Tools\Binn\;C:\Program Files\OpenVPN\bin;C:\Program Files (x86)\Windows Kits\8.1\Windows Performance Toolkit\;C:\Program Files\nodejs\;C:\Program Files\apache-ant-1.9.7\bin;C:\Users\Guillaume\AppData\Roaming\npm;C:\Program Files (x86)\MSBuild\14.0\bin\;C:\Program Files (x86)\Microsoft SDKs\Windows\v8.1A\bin\NETFX 4.5.1 Tools\x64;." />
    <property name="java.vendor.url" value="http://java.oracle.com/" />
    <property name="bin.dir" value="bin" />
    <property name="java.vm.vendor" value="Oracle Corporation" />
    <property name="java.runtime.name" value="Java(TM) SE Runtime Environment" />
    <property name="sun.java.command" value="org.apache.tools.ant.launch.Launcher junit" />
    <property name="java.class.path" value="C:\Program Files\apache-ant-1.9.7\lib\ant-launcher.jar;C:\Program Files\apache-ant-1.9.7\lib\ant-antlr.jar;C:\Program Files\apache-ant-1.9.7\lib\ant-apache-bcel.jar;C:\Program Files\apache-ant-1.9.7\lib\ant-apache-bsf.jar;C:\Program Files\apache-ant-1.9.7\lib\ant-apache-log4j.jar;C:\Program Files\apache-ant-1.9.7\lib\ant-apache-oro.jar;C:\Program Files\apache-ant-1.9.7\lib\ant-apache-regexp.jar;C:\Program Files\apache-ant-1.9.7\lib\ant-apache-resolver.jar;C:\Program Files\apache-ant-1.9.7\lib\ant-apache-xalan2.jar;C:\Program Files\apache-ant-1.9.7\lib\ant-commons-logging.jar;C:\Program Files\apache-ant-1.9.7\lib\ant-commons-net.jar;C:\Program Files\apache-ant-1.9.7\lib\ant-jai.jar;C:\Program Files\apache-ant-1.9.7\lib\ant-javamail.jar;C:\Program Files\apache-ant-1.9.7\lib\ant-jdepend.jar;C:\Program Files\apache-ant-1.9.7\lib\ant-jmf.jar;C:\Program Files\apache-ant-1.9.7\lib\ant-jsch.jar;C:\Program Files\apache-ant-1.9.7\lib\ant-junit.jar;C:\Program Files\apache-ant-1.9.7\lib\ant-junit4.jar;C:\Program Files\apache-ant-1.9.7\lib\ant-launcher.jar;C:\Program Files\apache-ant-1.9.7\lib\ant-netrexx.jar;C:\Program Files\apache-ant-1.9.7\lib\ant-swing.jar;C:\Program Files\apache-ant-1.9.7\lib\ant-testutil.jar;C:\Program Files\apache-ant-1.9.7\lib\ant.jar;C:\Program Files\Java\jdk1.8.0_111\lib\tools.jar" />
    <property name="ant.version" value="Apache Ant(TM) version 1.9.7 compiled on April 9 2016" />
    <property name="java.vm.specification.name" value="Java Virtual Machine Specification" />
    <property name="ant.file.type" value="file" />
    <property name="java.vm.specification.version" value="1.8" />
    <property name="sun.cpu.endian" value="little" />
    <property name="sun.os.patch.level" value="" />
    <property name="java.io.tmpdir" value="C:\Users\Guillaume\AppData\Local\Temp\" />
    <property name="java.vendor.url.bug" value="http://bugreport.sun.com/bugreport/" />
    <property name="os.arch" value="amd64" />
    <property name="java.awt.graphicsenv" value="sun.awt.Win32GraphicsEnvironment" />
    <property name="java.ext.dirs" value="C:\Program Files\Java\jdk1.8.0_111\jre\lib\ext;C:\WINDOWS\Sun\Java\lib\ext" />
    <property name="user.dir" value="C:\Users\Guillaume\Documents\Info\java\KdTree" />
    <property name="line.separator" value="&#xd;&#xa;" />
    <property name="java.vm.name" value="Java HotSpot(TM) 64-Bit Server VM" />
    <property name="basedir" value="C:\Users\Guillaume\Documents\Info\java\KdTree" />
    <property name="ant.java.version" value="1.8" />
    <property name="ant.core.lib" value="C:\Program Files\apache-ant-1.9.7\lib\ant.jar" />
    <property name="sun.stderr.encoding" value="cp850" />
    <property name="file.encoding" value="Cp1252" />
    <property name="ant.file.KdTree" value="C:\Users\Guillaume\Documents\Info\java\KdTree\build.xml" />
    <property name="java.specification.version" value="1.8" />
    <property name="src.dir" value="src" />
    <property name="ant.project.invoked-targets" value="junit" />
  </properties>
  <testcase classname="kdtree.KdTreeTest" name="testNearestNeighbor" time="0.016" />
  <testcase classname="kdtree.KdTreeTest" name="testSimple" time="0.0" />
  <system-out><![CDATA[]]></system-out>
  <system-err><![CDATA[]]></system-err>
</testsuite>
